2019-04-22 17:17:59,568 - train - INFO - the dataset has 16551 images
2019-04-22 17:17:59,568 - train - INFO - the batch_size is 16
2019-04-22 17:17:59,886 - train - INFO - 

Starting epoch 1 / 200
2019-04-22 17:17:59,886 - train - INFO - Learning Rate for this epoch: 0.0
2019-04-22 17:18:03,534 - train - INFO - Epoch [1/200], Iter [5/1035] expect end in 9.00 min. Loss: 20.7434, average_loss: 23.6301, now learning rate: 0.000005
2019-04-22 17:18:06,355 - train - INFO - Epoch [1/200], Iter [10/1035] expect end in 9.00 min. Loss: 23.1957, average_loss: 22.0273, now learning rate: 0.000010
2019-04-22 17:18:09,223 - train - INFO - Epoch [1/200], Iter [15/1035] expect end in 9.00 min. Loss: 23.1931, average_loss: 22.7206, now learning rate: 0.000015
2019-04-22 17:18:12,074 - train - INFO - Epoch [1/200], Iter [20/1035] expect end in 9.00 min. Loss: 20.8988, average_loss: 22.2489, now learning rate: 0.000020
2019-04-22 17:18:14,936 - train - INFO - Epoch [1/200], Iter [25/1035] expect end in 9.00 min. Loss: 21.0462, average_loss: 22.2201, now learning rate: 0.000025
2019-04-22 17:18:17,784 - train - INFO - Epoch [1/200], Iter [30/1035] expect end in 9.00 min. Loss: 17.4777, average_loss: 21.6960, now learning rate: 0.000030
2019-04-22 17:18:20,669 - train - INFO - Epoch [1/200], Iter [35/1035] expect end in 9.00 min. Loss: 21.2240, average_loss: 21.6082, now learning rate: 0.000035
2019-04-22 17:18:23,544 - train - INFO - Epoch [1/200], Iter [40/1035] expect end in 9.00 min. Loss: 15.3931, average_loss: 21.1713, now learning rate: 0.000040
2019-04-22 17:18:26,453 - train - INFO - Epoch [1/200], Iter [45/1035] expect end in 9.00 min. Loss: 17.3026, average_loss: 21.1122, now learning rate: 0.000045
2019-04-22 17:18:29,339 - train - INFO - Epoch [1/200], Iter [50/1035] expect end in 9.00 min. Loss: 18.3095, average_loss: 20.7221, now learning rate: 0.000050
2019-04-22 17:18:32,191 - train - INFO - Epoch [1/200], Iter [55/1035] expect end in 9.00 min. Loss: 10.9610, average_loss: 20.1060, now learning rate: 0.000055
2019-04-22 17:18:35,033 - train - INFO - Epoch [1/200], Iter [60/1035] expect end in 9.00 min. Loss: 15.9588, average_loss: 19.5189, now learning rate: 0.000060
2019-04-22 17:18:37,867 - train - INFO - Epoch [1/200], Iter [65/1035] expect end in 9.00 min. Loss: 10.8215, average_loss: 18.9180, now learning rate: 0.000065
2019-04-22 17:18:40,733 - train - INFO - Epoch [1/200], Iter [70/1035] expect end in 9.00 min. Loss: 11.0058, average_loss: 18.5046, now learning rate: 0.000070
2019-04-22 17:18:43,569 - train - INFO - Epoch [1/200], Iter [75/1035] expect end in 8.00 min. Loss: 9.0022, average_loss: 18.0472, now learning rate: 0.000075
2019-04-22 17:18:46,447 - train - INFO - Epoch [1/200], Iter [80/1035] expect end in 9.00 min. Loss: 11.2669, average_loss: 17.6860, now learning rate: 0.000080
2019-04-22 17:18:49,321 - train - INFO - Epoch [1/200], Iter [85/1035] expect end in 9.00 min. Loss: 12.7710, average_loss: 17.3111, now learning rate: 0.000085
2019-04-22 17:18:52,229 - train - INFO - Epoch [1/200], Iter [90/1035] expect end in 9.00 min. Loss: 12.9792, average_loss: 17.0576, now learning rate: 0.000090
2019-04-22 17:18:55,115 - train - INFO - Epoch [1/200], Iter [95/1035] expect end in 9.00 min. Loss: 15.5490, average_loss: 16.7981, now learning rate: 0.000095
2019-04-22 17:18:57,969 - train - INFO - Epoch [1/200], Iter [100/1035] expect end in 8.00 min. Loss: 10.8957, average_loss: 16.5117, now learning rate: 0.000100
2019-04-22 17:19:00,814 - train - INFO - Epoch [1/200], Iter [105/1035] expect end in 8.00 min. Loss: 8.0185, average_loss: 16.1946, now learning rate: 0.000105
2019-04-22 17:19:03,682 - train - INFO - Epoch [1/200], Iter [110/1035] expect end in 9.00 min. Loss: 11.3327, average_loss: 15.9052, now learning rate: 0.000110
2019-04-22 17:19:06,648 - train - INFO - Epoch [1/200], Iter [115/1035] expect end in 9.00 min. Loss: 8.8074, average_loss: 15.6029, now learning rate: 0.000115
2019-04-22 17:19:09,553 - train - INFO - Epoch [1/200], Iter [120/1035] expect end in 9.00 min. Loss: 11.5563, average_loss: 15.3682, now learning rate: 0.000120
2019-04-22 17:19:12,481 - train - INFO - Epoch [1/200], Iter [125/1035] expect end in 8.00 min. Loss: 9.6287, average_loss: 15.1492, now learning rate: 0.000125
2019-04-22 17:19:15,531 - train - INFO - Epoch [1/200], Iter [130/1035] expect end in 9.00 min. Loss: 7.8120, average_loss: 14.9149, now learning rate: 0.000130
2019-04-22 17:19:18,601 - train - INFO - Epoch [1/200], Iter [135/1035] expect end in 8.00 min. Loss: 6.6474, average_loss: 14.6430, now learning rate: 0.000135
2019-04-22 17:19:21,595 - train - INFO - Epoch [1/200], Iter [140/1035] expect end in 8.00 min. Loss: 7.6491, average_loss: 14.4624, now learning rate: 0.000140
2019-04-22 17:19:24,685 - train - INFO - Epoch [1/200], Iter [145/1035] expect end in 8.00 min. Loss: 5.6350, average_loss: 14.2093, now learning rate: 0.000145
2019-04-22 17:19:27,731 - train - INFO - Epoch [1/200], Iter [150/1035] expect end in 9.00 min. Loss: 13.3559, average_loss: 14.0164, now learning rate: 0.000150
2019-04-22 17:19:30,837 - train - INFO - Epoch [1/200], Iter [155/1035] expect end in 9.00 min. Loss: 7.3543, average_loss: 13.8102, now learning rate: 0.000155
2019-04-22 17:19:33,908 - train - INFO - Epoch [1/200], Iter [160/1035] expect end in 9.00 min. Loss: 6.6532, average_loss: 13.6059, now learning rate: 0.000160
2019-04-22 17:19:36,967 - train - INFO - Epoch [1/200], Iter [165/1035] expect end in 9.00 min. Loss: 9.7766, average_loss: 13.4059, now learning rate: 0.000165
2019-04-22 17:19:40,069 - train - INFO - Epoch [1/200], Iter [170/1035] expect end in 8.00 min. Loss: 5.6200, average_loss: 13.2219, now learning rate: 0.000170
2019-04-22 17:19:43,166 - train - INFO - Epoch [1/200], Iter [175/1035] expect end in 8.00 min. Loss: 6.3693, average_loss: 13.0468, now learning rate: 0.000175
2019-04-22 17:19:46,123 - train - INFO - Epoch [1/200], Iter [180/1035] expect end in 8.00 min. Loss: 6.6754, average_loss: 12.8847, now learning rate: 0.000180
2019-04-22 17:19:49,025 - train - INFO - Epoch [1/200], Iter [185/1035] expect end in 8.00 min. Loss: 7.1734, average_loss: 12.7192, now learning rate: 0.000185
2019-04-22 17:19:52,039 - train - INFO - Epoch [1/200], Iter [190/1035] expect end in 8.00 min. Loss: 9.2075, average_loss: 12.5711, now learning rate: 0.000190
2019-04-22 17:19:54,985 - train - INFO - Epoch [1/200], Iter [195/1035] expect end in 8.00 min. Loss: 6.3905, average_loss: 12.4026, now learning rate: 0.000195
2019-04-22 17:19:57,952 - train - INFO - Epoch [1/200], Iter [200/1035] expect end in 8.00 min. Loss: 7.8750, average_loss: 12.2491, now learning rate: 0.000200
2019-04-22 17:20:00,918 - train - INFO - Epoch [1/200], Iter [205/1035] expect end in 8.00 min. Loss: 5.8179, average_loss: 12.0849, now learning rate: 0.000205
2019-04-22 17:20:03,864 - train - INFO - Epoch [1/200], Iter [210/1035] expect end in 8.00 min. Loss: 3.8349, average_loss: 11.9428, now learning rate: 0.000210
2019-04-22 17:20:06,815 - train - INFO - Epoch [1/200], Iter [215/1035] expect end in 7.00 min. Loss: 5.4794, average_loss: 11.8008, now learning rate: 0.000215
2019-04-22 17:20:09,771 - train - INFO - Epoch [1/200], Iter [220/1035] expect end in 7.00 min. Loss: 5.0625, average_loss: 11.6656, now learning rate: 0.000220
2019-04-22 17:20:12,820 - train - INFO - Epoch [1/200], Iter [225/1035] expect end in 8.00 min. Loss: 8.8983, average_loss: 11.5796, now learning rate: 0.000225
2019-04-22 17:20:15,772 - train - INFO - Epoch [1/200], Iter [230/1035] expect end in 7.00 min. Loss: 4.6491, average_loss: 11.4427, now learning rate: 0.000230
2019-04-22 17:20:18,755 - train - INFO - Epoch [1/200], Iter [235/1035] expect end in 7.00 min. Loss: 5.1401, average_loss: 11.3276, now learning rate: 0.000235
2019-04-22 17:20:21,699 - train - INFO - Epoch [1/200], Iter [240/1035] expect end in 8.00 min. Loss: 4.6172, average_loss: 11.2048, now learning rate: 0.000240
2019-04-22 17:20:24,658 - train - INFO - Epoch [1/200], Iter [245/1035] expect end in 7.00 min. Loss: 7.3173, average_loss: 11.1064, now learning rate: 0.000245
2019-04-22 17:20:27,550 - train - INFO - Epoch [1/200], Iter [250/1035] expect end in 7.00 min. Loss: 5.0687, average_loss: 10.9801, now learning rate: 0.000250
2019-04-22 17:20:30,489 - train - INFO - Epoch [1/200], Iter [255/1035] expect end in 7.00 min. Loss: 4.3002, average_loss: 10.8602, now learning rate: 0.000255
2019-04-22 17:20:33,425 - train - INFO - Epoch [1/200], Iter [260/1035] expect end in 7.00 min. Loss: 6.7695, average_loss: 10.7552, now learning rate: 0.000260
2019-04-22 17:20:36,391 - train - INFO - Epoch [1/200], Iter [265/1035] expect end in 7.00 min. Loss: 4.4461, average_loss: 10.6568, now learning rate: 0.000265
2019-04-22 17:20:39,326 - train - INFO - Epoch [1/200], Iter [270/1035] expect end in 7.00 min. Loss: 5.4407, average_loss: 10.5548, now learning rate: 0.000270
2019-04-22 17:20:42,273 - train - INFO - Epoch [1/200], Iter [275/1035] expect end in 7.00 min. Loss: 7.9159, average_loss: 10.4775, now learning rate: 0.000275
2019-04-22 17:20:45,207 - train - INFO - Epoch [1/200], Iter [280/1035] expect end in 7.00 min. Loss: 5.2593, average_loss: 10.3800, now learning rate: 0.000280
2019-04-22 17:20:48,177 - train - INFO - Epoch [1/200], Iter [285/1035] expect end in 7.00 min. Loss: 4.5155, average_loss: 10.3023, now learning rate: 0.000285
2019-04-22 17:20:51,124 - train - INFO - Epoch [1/200], Iter [290/1035] expect end in 7.00 min. Loss: 4.4508, average_loss: 10.2113, now learning rate: 0.000290
2019-04-22 17:20:54,054 - train - INFO - Epoch [1/200], Iter [295/1035] expect end in 6.00 min. Loss: 3.4400, average_loss: 10.1168, now learning rate: 0.000295
2019-04-22 17:20:57,077 - train - INFO - Epoch [1/200], Iter [300/1035] expect end in 7.00 min. Loss: 6.0581, average_loss: 10.0494, now learning rate: 0.000300
2019-04-22 17:21:00,076 - train - INFO - Epoch [1/200], Iter [305/1035] expect end in 7.00 min. Loss: 7.2726, average_loss: 9.9768, now learning rate: 0.000305
2019-04-22 17:21:03,030 - train - INFO - Epoch [1/200], Iter [310/1035] expect end in 6.00 min. Loss: 4.8757, average_loss: 9.8878, now learning rate: 0.000310
2019-04-22 17:21:05,837 - train - INFO - Epoch [1/200], Iter [315/1035] expect end in 6.00 min. Loss: 3.7531, average_loss: 9.8051, now learning rate: 0.000315
2019-04-22 17:21:08,672 - train - INFO - Epoch [1/200], Iter [320/1035] expect end in 6.00 min. Loss: 7.8259, average_loss: 9.7356, now learning rate: 0.000320
2019-04-22 17:21:11,699 - train - INFO - Epoch [1/200], Iter [325/1035] expect end in 6.00 min. Loss: 6.5650, average_loss: 9.6875, now learning rate: 0.000325
2019-04-22 17:21:14,640 - train - INFO - Epoch [1/200], Iter [330/1035] expect end in 6.00 min. Loss: 4.2943, average_loss: 9.6073, now learning rate: 0.000330
2019-04-22 17:21:17,789 - train - INFO - Epoch [1/200], Iter [335/1035] expect end in 7.00 min. Loss: 4.5756, average_loss: 9.5343, now learning rate: 0.000335
2019-04-22 17:21:20,817 - train - INFO - Epoch [1/200], Iter [340/1035] expect end in 7.00 min. Loss: 4.1022, average_loss: 9.4576, now learning rate: 0.000340
2019-04-22 17:21:23,721 - train - INFO - Epoch [1/200], Iter [345/1035] expect end in 6.00 min. Loss: 3.3916, average_loss: 9.3789, now learning rate: 0.000345
2019-04-22 17:21:26,568 - train - INFO - Epoch [1/200], Iter [350/1035] expect end in 6.00 min. Loss: 5.2549, average_loss: 9.3188, now learning rate: 0.000350
2019-04-22 17:21:29,422 - train - INFO - Epoch [1/200], Iter [355/1035] expect end in 6.00 min. Loss: 7.3198, average_loss: 9.2613, now learning rate: 0.000355
2019-04-22 17:21:32,469 - train - INFO - Epoch [1/200], Iter [360/1035] expect end in 6.00 min. Loss: 3.2675, average_loss: 9.2010, now learning rate: 0.000360
2019-04-22 17:21:35,579 - train - INFO - Epoch [1/200], Iter [365/1035] expect end in 7.00 min. Loss: 4.3265, average_loss: 9.1473, now learning rate: 0.000365
2019-04-22 17:21:38,408 - train - INFO - Epoch [1/200], Iter [370/1035] expect end in 6.00 min. Loss: 4.5836, average_loss: 9.0861, now learning rate: 0.000370
2019-04-22 17:21:41,245 - train - INFO - Epoch [1/200], Iter [375/1035] expect end in 6.00 min. Loss: 5.4920, average_loss: 9.0367, now learning rate: 0.000375
2019-04-22 17:21:44,267 - train - INFO - Epoch [1/200], Iter [380/1035] expect end in 6.00 min. Loss: 3.8620, average_loss: 8.9842, now learning rate: 0.000380
2019-04-22 17:21:47,063 - train - INFO - Epoch [1/200], Iter [385/1035] expect end in 6.00 min. Loss: 3.8107, average_loss: 8.9222, now learning rate: 0.000385
2019-04-22 17:21:49,896 - train - INFO - Epoch [1/200], Iter [390/1035] expect end in 6.00 min. Loss: 4.7647, average_loss: 8.8734, now learning rate: 0.000390
2019-04-22 17:21:52,805 - train - INFO - Epoch [1/200], Iter [395/1035] expect end in 6.00 min. Loss: 4.2007, average_loss: 8.8268, now learning rate: 0.000395
2019-04-22 17:21:55,911 - train - INFO - Epoch [1/200], Iter [400/1035] expect end in 6.00 min. Loss: 4.8358, average_loss: 8.7785, now learning rate: 0.000400
2019-04-22 17:21:59,025 - train - INFO - Epoch [1/200], Iter [405/1035] expect end in 6.00 min. Loss: 4.2192, average_loss: 8.7216, now learning rate: 0.000405
2019-04-22 17:22:02,225 - train - INFO - Epoch [1/200], Iter [410/1035] expect end in 6.00 min. Loss: 5.0741, average_loss: 8.6723, now learning rate: 0.000410
2019-04-22 17:22:05,459 - train - INFO - Epoch [1/200], Iter [415/1035] expect end in 6.00 min. Loss: 4.0122, average_loss: 8.6255, now learning rate: 0.000415
2019-04-22 17:22:08,414 - train - INFO - Epoch [1/200], Iter [420/1035] expect end in 6.00 min. Loss: 4.0448, average_loss: 8.5706, now learning rate: 0.000420
2019-04-22 17:22:11,303 - train - INFO - Epoch [1/200], Iter [425/1035] expect end in 5.00 min. Loss: 3.1322, average_loss: 8.5139, now learning rate: 0.000425
2019-04-22 17:22:14,293 - train - INFO - Epoch [1/200], Iter [430/1035] expect end in 5.00 min. Loss: 3.6550, average_loss: 8.4695, now learning rate: 0.000430
2019-04-22 17:22:17,195 - train - INFO - Epoch [1/200], Iter [435/1035] expect end in 5.00 min. Loss: 2.9594, average_loss: 8.4232, now learning rate: 0.000435
2019-04-22 17:22:20,027 - train - INFO - Epoch [1/200], Iter [440/1035] expect end in 5.00 min. Loss: 3.0575, average_loss: 8.3697, now learning rate: 0.000440
2019-04-22 17:22:22,918 - train - INFO - Epoch [1/200], Iter [445/1035] expect end in 6.00 min. Loss: 5.3589, average_loss: 8.3239, now learning rate: 0.000445
2019-04-22 17:22:25,725 - train - INFO - Epoch [1/200], Iter [450/1035] expect end in 5.00 min. Loss: 2.5710, average_loss: 8.2657, now learning rate: 0.000450
2019-04-22 17:22:28,614 - train - INFO - Epoch [1/200], Iter [455/1035] expect end in 5.00 min. Loss: 4.0523, average_loss: 8.2255, now learning rate: 0.000455
2019-04-22 17:22:31,685 - train - INFO - Epoch [1/200], Iter [460/1035] expect end in 5.00 min. Loss: 3.9036, average_loss: 8.1809, now learning rate: 0.000460
2019-04-22 17:22:34,801 - train - INFO - Epoch [1/200], Iter [465/1035] expect end in 5.00 min. Loss: 4.6201, average_loss: 8.1417, now learning rate: 0.000465
2019-04-22 17:22:37,892 - train - INFO - Epoch [1/200], Iter [470/1035] expect end in 5.00 min. Loss: 5.2879, average_loss: 8.1042, now learning rate: 0.000470
2019-04-22 17:22:40,830 - train - INFO - Epoch [1/200], Iter [475/1035] expect end in 5.00 min. Loss: 3.6087, average_loss: 8.0607, now learning rate: 0.000475
2019-04-22 17:22:43,723 - train - INFO - Epoch [1/200], Iter [480/1035] expect end in 5.00 min. Loss: 6.1625, average_loss: 8.0231, now learning rate: 0.000480
2019-04-22 17:22:46,582 - train - INFO - Epoch [1/200], Iter [485/1035] expect end in 5.00 min. Loss: 2.9556, average_loss: 7.9803, now learning rate: 0.000485
2019-04-22 17:22:49,471 - train - INFO - Epoch [1/200], Iter [490/1035] expect end in 5.00 min. Loss: 4.3529, average_loss: 7.9475, now learning rate: 0.000490
2019-04-22 17:22:52,463 - train - INFO - Epoch [1/200], Iter [495/1035] expect end in 5.00 min. Loss: 3.8233, average_loss: 7.9047, now learning rate: 0.000495
2019-04-22 17:22:55,305 - train - INFO - Epoch [1/200], Iter [500/1035] expect end in 4.00 min. Loss: 3.0766, average_loss: 7.8646, now learning rate: 0.000500
2019-04-22 17:22:58,216 - train - INFO - Epoch [1/200], Iter [505/1035] expect end in 4.00 min. Loss: 3.2000, average_loss: 7.8283, now learning rate: 0.000505
2019-04-22 17:23:01,203 - train - INFO - Epoch [1/200], Iter [510/1035] expect end in 4.00 min. Loss: 4.0537, average_loss: 7.7953, now learning rate: 0.000510
2019-04-22 17:23:04,115 - train - INFO - Epoch [1/200], Iter [515/1035] expect end in 5.00 min. Loss: 3.2730, average_loss: 7.7691, now learning rate: 0.000515
2019-04-22 17:23:06,946 - train - INFO - Epoch [1/200], Iter [520/1035] expect end in 4.00 min. Loss: 4.4321, average_loss: 7.7312, now learning rate: 0.000520
2019-04-22 17:23:09,825 - train - INFO - Epoch [1/200], Iter [525/1035] expect end in 4.00 min. Loss: 3.2145, average_loss: 7.6977, now learning rate: 0.000525
2019-04-22 17:23:12,672 - train - INFO - Epoch [1/200], Iter [530/1035] expect end in 4.00 min. Loss: 3.5083, average_loss: 7.6630, now learning rate: 0.000530
2019-04-22 17:23:15,566 - train - INFO - Epoch [1/200], Iter [535/1035] expect end in 5.00 min. Loss: 5.9004, average_loss: 7.6302, now learning rate: 0.000535
2019-04-22 17:23:18,472 - train - INFO - Epoch [1/200], Iter [540/1035] expect end in 5.00 min. Loss: 5.9736, average_loss: 7.6041, now learning rate: 0.000540
2019-04-22 17:23:21,382 - train - INFO - Epoch [1/200], Iter [545/1035] expect end in 5.00 min. Loss: 5.7718, average_loss: 7.5736, now learning rate: 0.000545
2019-04-22 17:23:24,248 - train - INFO - Epoch [1/200], Iter [550/1035] expect end in 4.00 min. Loss: 5.2227, average_loss: 7.5485, now learning rate: 0.000550
2019-04-22 17:23:27,293 - train - INFO - Epoch [1/200], Iter [555/1035] expect end in 5.00 min. Loss: 3.4614, average_loss: 7.5230, now learning rate: 0.000555
2019-04-22 17:23:30,481 - train - INFO - Epoch [1/200], Iter [560/1035] expect end in 5.00 min. Loss: 4.7783, average_loss: 7.4972, now learning rate: 0.000560
2019-04-22 17:23:33,505 - train - INFO - Epoch [1/200], Iter [565/1035] expect end in 4.00 min. Loss: 2.4617, average_loss: 7.4629, now learning rate: 0.000565
2019-04-22 17:23:36,544 - train - INFO - Epoch [1/200], Iter [570/1035] expect end in 4.00 min. Loss: 3.8249, average_loss: 7.4310, now learning rate: 0.000570
2019-04-22 17:23:39,457 - train - INFO - Epoch [1/200], Iter [575/1035] expect end in 4.00 min. Loss: 2.5326, average_loss: 7.4045, now learning rate: 0.000575
2019-04-22 17:23:42,373 - train - INFO - Epoch [1/200], Iter [580/1035] expect end in 4.00 min. Loss: 4.7560, average_loss: 7.3836, now learning rate: 0.000580
2019-04-22 17:23:45,305 - train - INFO - Epoch [1/200], Iter [585/1035] expect end in 4.00 min. Loss: 3.9720, average_loss: 7.3579, now learning rate: 0.000585
2019-04-22 17:23:48,239 - train - INFO - Epoch [1/200], Iter [590/1035] expect end in 4.00 min. Loss: 3.7025, average_loss: 7.3304, now learning rate: 0.000590
2019-04-22 17:23:51,334 - train - INFO - Epoch [1/200], Iter [595/1035] expect end in 4.00 min. Loss: 4.9324, average_loss: 7.3072, now learning rate: 0.000595
2019-04-22 17:23:54,281 - train - INFO - Epoch [1/200], Iter [600/1035] expect end in 4.00 min. Loss: 3.4689, average_loss: 7.2794, now learning rate: 0.000600
2019-04-22 17:23:57,187 - train - INFO - Epoch [1/200], Iter [605/1035] expect end in 4.00 min. Loss: 3.7525, average_loss: 7.2478, now learning rate: 0.000605
2019-04-22 17:24:00,081 - train - INFO - Epoch [1/200], Iter [610/1035] expect end in 4.00 min. Loss: 4.0706, average_loss: 7.2236, now learning rate: 0.000610
2019-04-22 17:24:03,098 - train - INFO - Epoch [1/200], Iter [615/1035] expect end in 4.00 min. Loss: 5.6246, average_loss: 7.2028, now learning rate: 0.000615
2019-04-22 17:24:05,964 - train - INFO - Epoch [1/200], Iter [620/1035] expect end in 3.00 min. Loss: 3.5735, average_loss: 7.1760, now learning rate: 0.000620
2019-04-22 17:24:08,951 - train - INFO - Epoch [1/200], Iter [625/1035] expect end in 4.00 min. Loss: 4.4438, average_loss: 7.1528, now learning rate: 0.000625
2019-04-22 17:24:11,948 - train - INFO - Epoch [1/200], Iter [630/1035] expect end in 3.00 min. Loss: 3.4612, average_loss: 7.1313, now learning rate: 0.000630
2019-04-22 17:24:15,082 - train - INFO - Epoch [1/200], Iter [635/1035] expect end in 4.00 min. Loss: 4.4693, average_loss: 7.1089, now learning rate: 0.000635
2019-04-22 17:24:18,206 - train - INFO - Epoch [1/200], Iter [640/1035] expect end in 3.00 min. Loss: 4.6314, average_loss: 7.0845, now learning rate: 0.000640
2019-04-22 17:24:21,291 - train - INFO - Epoch [1/200], Iter [645/1035] expect end in 4.00 min. Loss: 3.8736, average_loss: 7.0560, now learning rate: 0.000645
2019-04-22 17:24:24,104 - train - INFO - Epoch [1/200], Iter [650/1035] expect end in 3.00 min. Loss: 3.3676, average_loss: 7.0297, now learning rate: 0.000650
2019-04-22 17:24:26,939 - train - INFO - Epoch [1/200], Iter [655/1035] expect end in 3.00 min. Loss: 3.4639, average_loss: 7.0069, now learning rate: 0.000655
2019-04-22 17:24:29,808 - train - INFO - Epoch [1/200], Iter [660/1035] expect end in 3.00 min. Loss: 3.2659, average_loss: 6.9839, now learning rate: 0.000660
2019-04-22 17:24:32,814 - train - INFO - Epoch [1/200], Iter [665/1035] expect end in 3.00 min. Loss: 4.9378, average_loss: 6.9656, now learning rate: 0.000665
2019-04-22 17:24:35,659 - train - INFO - Epoch [1/200], Iter [670/1035] expect end in 3.00 min. Loss: 4.1068, average_loss: 6.9402, now learning rate: 0.000670
2019-04-22 17:24:38,545 - train - INFO - Epoch [1/200], Iter [675/1035] expect end in 3.00 min. Loss: 3.9915, average_loss: 6.9190, now learning rate: 0.000675
2019-04-22 17:24:41,400 - train - INFO - Epoch [1/200], Iter [680/1035] expect end in 3.00 min. Loss: 3.8657, average_loss: 6.9031, now learning rate: 0.000680
2019-04-22 17:24:44,481 - train - INFO - Epoch [1/200], Iter [685/1035] expect end in 4.00 min. Loss: 7.7302, average_loss: 6.8879, now learning rate: 0.000685
2019-04-22 17:24:47,533 - train - INFO - Epoch [1/200], Iter [690/1035] expect end in 3.00 min. Loss: 4.1442, average_loss: 6.8692, now learning rate: 0.000690
2019-04-22 17:24:50,655 - train - INFO - Epoch [1/200], Iter [695/1035] expect end in 3.00 min. Loss: 4.4378, average_loss: 6.8535, now learning rate: 0.000695
2019-04-22 17:24:53,869 - train - INFO - Epoch [1/200], Iter [700/1035] expect end in 3.00 min. Loss: 3.3449, average_loss: 6.8305, now learning rate: 0.000700
2019-04-22 17:24:57,005 - train - INFO - Epoch [1/200], Iter [705/1035] expect end in 3.00 min. Loss: 3.8396, average_loss: 6.8099, now learning rate: 0.000705
2019-04-22 17:25:00,172 - train - INFO - Epoch [1/200], Iter [710/1035] expect end in 3.00 min. Loss: 3.4910, average_loss: 6.7907, now learning rate: 0.000710
2019-04-22 17:25:03,216 - train - INFO - Epoch [1/200], Iter [715/1035] expect end in 3.00 min. Loss: 2.9162, average_loss: 6.7669, now learning rate: 0.000715
2019-04-22 17:25:06,107 - train - INFO - Epoch [1/200], Iter [720/1035] expect end in 2.00 min. Loss: 3.2367, average_loss: 6.7508, now learning rate: 0.000720
2019-04-22 17:25:08,971 - train - INFO - Epoch [1/200], Iter [725/1035] expect end in 2.00 min. Loss: 4.1645, average_loss: 6.7364, now learning rate: 0.000725
2019-04-22 17:25:11,834 - train - INFO - Epoch [1/200], Iter [730/1035] expect end in 2.00 min. Loss: 3.6772, average_loss: 6.7165, now learning rate: 0.000730
2019-04-22 17:25:14,733 - train - INFO - Epoch [1/200], Iter [735/1035] expect end in 2.00 min. Loss: 5.4522, average_loss: 6.6997, now learning rate: 0.000735
2019-04-22 17:25:17,650 - train - INFO - Epoch [1/200], Iter [740/1035] expect end in 2.00 min. Loss: 4.0350, average_loss: 6.6852, now learning rate: 0.000740
2019-04-22 17:25:20,535 - train - INFO - Epoch [1/200], Iter [745/1035] expect end in 2.00 min. Loss: 2.3713, average_loss: 6.6682, now learning rate: 0.000745
2019-04-22 17:25:23,374 - train - INFO - Epoch [1/200], Iter [750/1035] expect end in 2.00 min. Loss: 4.5139, average_loss: 6.6511, now learning rate: 0.000750
2019-04-22 17:25:26,290 - train - INFO - Epoch [1/200], Iter [755/1035] expect end in 2.00 min. Loss: 5.5795, average_loss: 6.6391, now learning rate: 0.000755
2019-04-22 17:25:29,158 - train - INFO - Epoch [1/200], Iter [760/1035] expect end in 2.00 min. Loss: 4.2082, average_loss: 6.6196, now learning rate: 0.000760
2019-04-22 17:25:32,060 - train - INFO - Epoch [1/200], Iter [765/1035] expect end in 2.00 min. Loss: 4.9253, average_loss: 6.6033, now learning rate: 0.000765
2019-04-22 17:25:34,935 - train - INFO - Epoch [1/200], Iter [770/1035] expect end in 2.00 min. Loss: 3.4626, average_loss: 6.5855, now learning rate: 0.000770
2019-04-22 17:25:37,767 - train - INFO - Epoch [1/200], Iter [775/1035] expect end in 2.00 min. Loss: 3.4118, average_loss: 6.5660, now learning rate: 0.000775
2019-04-22 17:25:40,694 - train - INFO - Epoch [1/200], Iter [780/1035] expect end in 2.00 min. Loss: 3.0447, average_loss: 6.5489, now learning rate: 0.000780
2019-04-22 17:25:43,732 - train - INFO - Epoch [1/200], Iter [785/1035] expect end in 2.00 min. Loss: 3.8267, average_loss: 6.5270, now learning rate: 0.000785
2019-04-22 17:25:46,768 - train - INFO - Epoch [1/200], Iter [790/1035] expect end in 2.00 min. Loss: 3.1848, average_loss: 6.5067, now learning rate: 0.000790
2019-04-22 17:25:49,814 - train - INFO - Epoch [1/200], Iter [795/1035] expect end in 2.00 min. Loss: 3.6386, average_loss: 6.4895, now learning rate: 0.000795
2019-04-22 17:25:52,951 - train - INFO - Epoch [1/200], Iter [800/1035] expect end in 2.00 min. Loss: 4.5490, average_loss: 6.4811, now learning rate: 0.000800
2019-04-22 17:25:56,007 - train - INFO - Epoch [1/200], Iter [805/1035] expect end in 2.00 min. Loss: 3.3475, average_loss: 6.4651, now learning rate: 0.000805
2019-04-22 17:25:59,088 - train - INFO - Epoch [1/200], Iter [810/1035] expect end in 2.00 min. Loss: 4.1358, average_loss: 6.4492, now learning rate: 0.000810
2019-04-22 17:26:02,072 - train - INFO - Epoch [1/200], Iter [815/1035] expect end in 2.00 min. Loss: 3.8368, average_loss: 6.4326, now learning rate: 0.000815
2019-04-22 17:26:05,018 - train - INFO - Epoch [1/200], Iter [820/1035] expect end in 2.00 min. Loss: 4.4686, average_loss: 6.4183, now learning rate: 0.000820
2019-04-22 17:26:07,936 - train - INFO - Epoch [1/200], Iter [825/1035] expect end in 2.00 min. Loss: 4.4800, average_loss: 6.4040, now learning rate: 0.000825
2019-04-22 17:26:10,835 - train - INFO - Epoch [1/200], Iter [830/1035] expect end in 1.00 min. Loss: 3.0340, average_loss: 6.3888, now learning rate: 0.000830
2019-04-22 17:26:13,815 - train - INFO - Epoch [1/200], Iter [835/1035] expect end in 2.00 min. Loss: 5.8776, average_loss: 6.3790, now learning rate: 0.000835
2019-04-22 17:26:16,722 - train - INFO - Epoch [1/200], Iter [840/1035] expect end in 1.00 min. Loss: 4.2549, average_loss: 6.3631, now learning rate: 0.000840
2019-04-22 17:26:19,680 - train - INFO - Epoch [1/200], Iter [845/1035] expect end in 1.00 min. Loss: 4.3911, average_loss: 6.3519, now learning rate: 0.000845
2019-04-22 17:26:22,654 - train - INFO - Epoch [1/200], Iter [850/1035] expect end in 1.00 min. Loss: 4.5797, average_loss: 6.3404, now learning rate: 0.000850
2019-04-22 17:26:25,565 - train - INFO - Epoch [1/200], Iter [855/1035] expect end in 1.00 min. Loss: 3.9975, average_loss: 6.3282, now learning rate: 0.000855
2019-04-22 17:26:28,478 - train - INFO - Epoch [1/200], Iter [860/1035] expect end in 1.00 min. Loss: 3.6505, average_loss: 6.3162, now learning rate: 0.000860
2019-04-22 17:26:31,379 - train - INFO - Epoch [1/200], Iter [865/1035] expect end in 1.00 min. Loss: 3.0249, average_loss: 6.3009, now learning rate: 0.000865
2019-04-22 17:26:34,304 - train - INFO - Epoch [1/200], Iter [870/1035] expect end in 1.00 min. Loss: 3.8979, average_loss: 6.2898, now learning rate: 0.000870
2019-04-22 17:26:37,209 - train - INFO - Epoch [1/200], Iter [875/1035] expect end in 1.00 min. Loss: 4.4559, average_loss: 6.2756, now learning rate: 0.000875
2019-04-22 17:26:40,136 - train - INFO - Epoch [1/200], Iter [880/1035] expect end in 1.00 min. Loss: 5.0257, average_loss: 6.2615, now learning rate: 0.000880
2019-04-22 17:26:43,030 - train - INFO - Epoch [1/200], Iter [885/1035] expect end in 1.00 min. Loss: 2.6151, average_loss: 6.2466, now learning rate: 0.000885
2019-04-22 17:26:45,914 - train - INFO - Epoch [1/200], Iter [890/1035] expect end in 1.00 min. Loss: 4.0136, average_loss: 6.2330, now learning rate: 0.000890
2019-04-22 17:26:48,949 - train - INFO - Epoch [1/200], Iter [895/1035] expect end in 1.00 min. Loss: 3.9333, average_loss: 6.2210, now learning rate: 0.000895
2019-04-22 17:26:51,953 - train - INFO - Epoch [1/200], Iter [900/1035] expect end in 1.00 min. Loss: 3.5632, average_loss: 6.2059, now learning rate: 0.000900
2019-04-22 17:26:55,125 - train - INFO - Epoch [1/200], Iter [905/1035] expect end in 1.00 min. Loss: 4.6874, average_loss: 6.1981, now learning rate: 0.000905
2019-04-22 17:26:58,010 - train - INFO - Epoch [1/200], Iter [910/1035] expect end in 1.00 min. Loss: 4.0996, average_loss: 6.1833, now learning rate: 0.000910
2019-04-22 17:27:00,911 - train - INFO - Epoch [1/200], Iter [915/1035] expect end in 1.00 min. Loss: 5.2529, average_loss: 6.1697, now learning rate: 0.000915
2019-04-22 17:27:03,829 - train - INFO - Epoch [1/200], Iter [920/1035] expect end in 1.00 min. Loss: 3.1868, average_loss: 6.1593, now learning rate: 0.000920
2019-04-22 17:27:06,742 - train - INFO - Epoch [1/200], Iter [925/1035] expect end in 1.00 min. Loss: 4.5956, average_loss: 6.1449, now learning rate: 0.000925
2019-04-22 17:27:09,623 - train - INFO - Epoch [1/200], Iter [930/1035] expect end in 1.00 min. Loss: 3.2963, average_loss: 6.1283, now learning rate: 0.000930
2019-04-22 17:27:12,553 - train - INFO - Epoch [1/200], Iter [935/1035] expect end in 1.00 min. Loss: 4.4009, average_loss: 6.1166, now learning rate: 0.000935
2019-04-22 17:27:15,462 - train - INFO - Epoch [1/200], Iter [940/1035] expect end in 0.00 min. Loss: 4.2147, average_loss: 6.1034, now learning rate: 0.000940
2019-04-22 17:27:18,361 - train - INFO - Epoch [1/200], Iter [945/1035] expect end in 0.00 min. Loss: 3.2457, average_loss: 6.0901, now learning rate: 0.000945
2019-04-22 17:27:21,296 - train - INFO - Epoch [1/200], Iter [950/1035] expect end in 0.00 min. Loss: 3.2784, average_loss: 6.0820, now learning rate: 0.000950
2019-04-22 17:27:24,274 - train - INFO - Epoch [1/200], Iter [955/1035] expect end in 0.00 min. Loss: 4.2975, average_loss: 6.0732, now learning rate: 0.000955
2019-04-22 17:27:27,210 - train - INFO - Epoch [1/200], Iter [960/1035] expect end in 0.00 min. Loss: 4.5122, average_loss: 6.0616, now learning rate: 0.000960
2019-04-22 17:27:30,177 - train - INFO - Epoch [1/200], Iter [965/1035] expect end in 0.00 min. Loss: 3.5245, average_loss: 6.0506, now learning rate: 0.000965
2019-04-22 17:27:33,066 - train - INFO - Epoch [1/200], Iter [970/1035] expect end in 0.00 min. Loss: 3.6280, average_loss: 6.0377, now learning rate: 0.000970
2019-04-22 17:27:36,019 - train - INFO - Epoch [1/200], Iter [975/1035] expect end in 0.00 min. Loss: 4.6157, average_loss: 6.0272, now learning rate: 0.000975
2019-04-22 17:27:38,913 - train - INFO - Epoch [1/200], Iter [980/1035] expect end in 0.00 min. Loss: 3.6016, average_loss: 6.0142, now learning rate: 0.000980
2019-04-22 17:27:41,838 - train - INFO - Epoch [1/200], Iter [985/1035] expect end in 0.00 min. Loss: 3.6713, average_loss: 6.0030, now learning rate: 0.000985
2019-04-22 17:27:44,773 - train - INFO - Epoch [1/200], Iter [990/1035] expect end in 0.00 min. Loss: 4.2003, average_loss: 5.9912, now learning rate: 0.000990
2019-04-22 17:27:47,697 - train - INFO - Epoch [1/200], Iter [995/1035] expect end in 0.00 min. Loss: 3.2311, average_loss: 5.9792, now learning rate: 0.000995
2019-04-22 17:27:50,646 - train - INFO - Epoch [1/200], Iter [1000/1035] expect end in 0.00 min. Loss: 3.5938, average_loss: 5.9669, now learning rate: 0.001000
2019-04-22 17:27:53,599 - train - INFO - Epoch [1/200], Iter [1005/1035] expect end in 0.00 min. Loss: 4.4363, average_loss: 5.9574, now learning rate: 0.001000
2019-04-22 17:27:56,494 - train - INFO - Epoch [1/200], Iter [1010/1035] expect end in 0.00 min. Loss: 3.5782, average_loss: 5.9458, now learning rate: 0.001000
2019-04-22 17:27:59,443 - train - INFO - Epoch [1/200], Iter [1015/1035] expect end in 0.00 min. Loss: 4.5508, average_loss: 5.9384, now learning rate: 0.001000
2019-04-22 17:28:02,346 - train - INFO - Epoch [1/200], Iter [1020/1035] expect end in 0.00 min. Loss: 3.5247, average_loss: 5.9261, now learning rate: 0.001000
2019-04-22 17:28:05,257 - train - INFO - Epoch [1/200], Iter [1025/1035] expect end in 0.00 min. Loss: 2.6116, average_loss: 5.9145, now learning rate: 0.001000
2019-04-22 17:28:08,195 - train - INFO - Epoch [1/200], Iter [1030/1035] expect end in 0.00 min. Loss: 4.7015, average_loss: 5.9048, now learning rate: 0.001000
2019-04-22 17:28:10,810 - train - INFO - Epoch [1/200], Iter [1035/1035] expect end in 0.00 min. Loss: 2.2376, average_loss: 5.8928, now learning rate: 0.001000
2019-04-22 17:28:10,817 - train - INFO - Epoch 0 / 200 finished, cost time 10.33 min. expect 2076.86976205 min finish train.
2019-04-22 17:29:17,039 - train - INFO - ---start evaluate---
2019-04-22 17:29:17,061 - train - INFO - ---class aeroplane ap 0.1252653987548597---
2019-04-22 17:29:17,061 - train - INFO - ---class bicycle ap 0.0---
2019-04-22 17:29:17,068 - train - INFO - ---class bird ap 0.024983735364748315---
2019-04-22 17:29:17,075 - train - INFO - ---class boat ap 0.0---
2019-04-22 17:29:17,078 - train - INFO - ---class bottle ap 0.0---
2019-04-22 17:29:17,078 - train - INFO - ---class bus ap 0.0---
2019-04-22 17:29:17,129 - train - INFO - ---class car ap 0.11136785938940126---
2019-04-22 17:29:17,135 - train - INFO - ---class cat ap 0.016898954703832753---
2019-04-22 17:29:17,280 - train - INFO - ---class chair ap 0.01562631397661074---
2019-04-22 17:29:17,280 - train - INFO - ---class cow ap 0.0---
2019-04-22 17:29:17,285 - train - INFO - ---class diningtable ap 0.0---
2019-04-22 17:29:17,285 - train - INFO - ---class dog ap 0.009333333333333332---
2019-04-22 17:29:17,287 - train - INFO - ---class horse ap 0.0---
2019-04-22 17:29:17,291 - train - INFO - ---class motorbike ap 0.0---
2019-04-22 17:29:17,741 - train - INFO - ---class person ap 0.15700306069224518---
2019-04-22 17:29:17,743 - train - INFO - ---class pottedplant ap 0.0---
2019-04-22 17:29:17,744 - train - INFO - ---class sheep ap 0.002304147465437788---
2019-04-22 17:29:17,746 - train - INFO - ---class sofa ap 0.0---
2019-04-22 17:29:17,751 - train - INFO - ---class train ap 0.011574074074074073---
2019-04-22 17:29:17,755 - train - INFO - ---class tvmonitor ap 0.000946969696969697---
2019-04-22 17:29:17,755 - train - INFO - ---map 0.02376519237257564---
2019-04-22 17:40:25,833 - train - INFO - ---start evaluate---
2019-04-22 17:40:26,085 - train - INFO - ---class aeroplane ap 0.10588813492352278---
2019-04-22 17:40:26,090 - train - INFO - ---class bicycle ap 9.849402633730262e-06---
2019-04-22 17:40:26,157 - train - INFO - ---class bird ap 0.0054926549222129506---
2019-04-22 17:40:26,229 - train - INFO - ---class boat ap 0.0---
2019-04-22 17:40:26,257 - train - INFO - ---class bottle ap 0.0---
2019-04-22 17:40:26,259 - train - INFO - ---class bus ap 0.0---
2019-04-22 17:40:26,782 - train - INFO - ---class car ap 0.09679996901189825---
2019-04-22 17:40:26,842 - train - INFO - ---class cat ap 0.10390050907002359---
2019-04-22 17:40:28,092 - train - INFO - ---class chair ap 0.007731983794915983---
2019-04-22 17:40:28,094 - train - INFO - ---class cow ap 0.0---
2019-04-22 17:40:28,223 - train - INFO - ---class diningtable ap 0.004842157947325747---
2019-04-22 17:40:28,227 - train - INFO - ---class dog ap 0.015061417328905643---
2019-04-22 17:40:28,249 - train - INFO - ---class horse ap 2.109704641350211e-05---
2019-04-22 17:40:28,287 - train - INFO - ---class motorbike ap 0.0018189288318585996---
2019-04-22 17:40:32,229 - train - INFO - ---class person ap 0.15936817286078805---
2019-04-22 17:40:32,241 - train - INFO - ---class pottedplant ap 0.0---
2019-04-22 17:40:32,248 - train - INFO - ---class sheep ap 2.845516888142731e-05---
2019-04-22 17:40:32,264 - train - INFO - ---class sofa ap 0.0---
2019-04-22 17:40:32,314 - train - INFO - ---class train ap 0.017505249214267455---
2019-04-22 17:40:32,356 - train - INFO - ---class tvmonitor ap 0.004929734112685776---
2019-04-22 17:40:32,356 - train - INFO - ---map 0.026169915681816674---
2019-04-22 17:40:32,413 - train - INFO - get best test mAP 0.02617
2019-04-22 17:40:32,666 - train - INFO - 

Starting epoch 2 / 200
2019-04-22 17:40:32,667 - train - INFO - Learning Rate for this epoch: 0.0010000000000000152
2019-04-22 17:40:35,737 - train - INFO - Epoch [2/200], Iter [5/1035] expect end in 9.00 min. Loss: 3.8392, average_loss: 3.5378, now learning rate: 0.001000
2019-04-22 17:40:38,567 - train - INFO - Epoch [2/200], Iter [10/1035] expect end in 9.00 min. Loss: 3.3875, average_loss: 3.6236, now learning rate: 0.001000
2019-04-22 17:40:41,389 - train - INFO - Epoch [2/200], Iter [15/1035] expect end in 9.00 min. Loss: 2.8342, average_loss: 3.7270, now learning rate: 0.001000
2019-04-22 17:40:44,215 - train - INFO - Epoch [2/200], Iter [20/1035] expect end in 9.00 min. Loss: 3.2317, average_loss: 3.7182, now learning rate: 0.001000
2019-04-22 17:40:47,012 - train - INFO - Epoch [2/200], Iter [25/1035] expect end in 9.00 min. Loss: 3.1008, average_loss: 3.6082, now learning rate: 0.001000
2019-04-22 17:40:49,825 - train - INFO - Epoch [2/200], Iter [30/1035] expect end in 9.00 min. Loss: 2.7057, average_loss: 3.5612, now learning rate: 0.001000
2019-04-22 17:40:52,627 - train - INFO - Epoch [2/200], Iter [35/1035] expect end in 9.00 min. Loss: 2.3471, average_loss: 3.5824, now learning rate: 0.001000
2019-04-22 17:40:55,493 - train - INFO - Epoch [2/200], Iter [40/1035] expect end in 9.00 min. Loss: 3.8480, average_loss: 3.6790, now learning rate: 0.001000
2019-04-22 17:40:58,327 - train - INFO - Epoch [2/200], Iter [45/1035] expect end in 9.00 min. Loss: 3.9907, average_loss: 3.6829, now learning rate: 0.001000
2019-04-22 17:41:01,137 - train - INFO - Epoch [2/200], Iter [50/1035] expect end in 9.00 min. Loss: 2.4917, average_loss: 3.6585, now learning rate: 0.001000
2019-04-22 17:41:03,946 - train - INFO - Epoch [2/200], Iter [55/1035] expect end in 9.00 min. Loss: 3.9194, average_loss: 3.6473, now learning rate: 0.001000
2019-04-22 17:41:06,797 - train - INFO - Epoch [2/200], Iter [60/1035] expect end in 9.00 min. Loss: 6.3969, average_loss: 3.7085, now learning rate: 0.001000
2019-04-22 17:41:09,646 - train - INFO - Epoch [2/200], Iter [65/1035] expect end in 9.00 min. Loss: 4.4768, average_loss: 3.7621, now learning rate: 0.001000
2019-04-22 17:41:12,473 - train - INFO - Epoch [2/200], Iter [70/1035] expect end in 9.00 min. Loss: 4.2475, average_loss: 3.7696, now learning rate: 0.001000
2019-04-22 17:41:15,338 - train - INFO - Epoch [2/200], Iter [75/1035] expect end in 9.00 min. Loss: 3.7437, average_loss: 3.7947, now learning rate: 0.001000
2019-04-22 17:41:18,167 - train - INFO - Epoch [2/200], Iter [80/1035] expect end in 8.00 min. Loss: 3.5205, average_loss: 3.7981, now learning rate: 0.001000
2019-04-22 17:41:21,011 - train - INFO - Epoch [2/200], Iter [85/1035] expect end in 8.00 min. Loss: 2.2539, average_loss: 3.8072, now learning rate: 0.001000
2019-04-22 17:41:23,841 - train - INFO - Epoch [2/200], Iter [90/1035] expect end in 8.00 min. Loss: 3.6158, average_loss: 3.7999, now learning rate: 0.001000
2019-04-22 17:41:26,638 - train - INFO - Epoch [2/200], Iter [95/1035] expect end in 8.00 min. Loss: 3.3043, average_loss: 3.7722, now learning rate: 0.001000
2019-04-22 17:41:29,484 - train - INFO - Epoch [2/200], Iter [100/1035] expect end in 8.00 min. Loss: 2.3031, average_loss: 3.7786, now learning rate: 0.001000
2019-04-22 17:41:32,328 - train - INFO - Epoch [2/200], Iter [105/1035] expect end in 8.00 min. Loss: 4.1206, average_loss: 3.7887, now learning rate: 0.001000
2019-04-22 17:41:35,152 - train - INFO - Epoch [2/200], Iter [110/1035] expect end in 8.00 min. Loss: 3.4590, average_loss: 3.7757, now learning rate: 0.001000
2019-04-22 17:41:38,019 - train - INFO - Epoch [2/200], Iter [115/1035] expect end in 8.00 min. Loss: 2.7741, average_loss: 3.7788, now learning rate: 0.001000
2019-04-22 17:41:40,843 - train - INFO - Epoch [2/200], Iter [120/1035] expect end in 8.00 min. Loss: 3.4188, average_loss: 3.7717, now learning rate: 0.001000
2019-04-22 17:41:43,672 - train - INFO - Epoch [2/200], Iter [125/1035] expect end in 8.00 min. Loss: 2.1877, average_loss: 3.7587, now learning rate: 0.001000
2019-04-22 17:41:46,525 - train - INFO - Epoch [2/200], Iter [130/1035] expect end in 8.00 min. Loss: 4.2315, average_loss: 3.7528, now learning rate: 0.001000
2019-04-22 17:41:49,383 - train - INFO - Epoch [2/200], Iter [135/1035] expect end in 8.00 min. Loss: 5.0918, average_loss: 3.7724, now learning rate: 0.001000
2019-04-22 17:41:52,272 - train - INFO - Epoch [2/200], Iter [140/1035] expect end in 8.00 min. Loss: 6.1493, average_loss: 3.7781, now learning rate: 0.001000
2019-04-22 17:41:55,157 - train - INFO - Epoch [2/200], Iter [145/1035] expect end in 8.00 min. Loss: 3.6422, average_loss: 3.7671, now learning rate: 0.001000
2019-04-22 17:41:58,044 - train - INFO - Epoch [2/200], Iter [150/1035] expect end in 8.00 min. Loss: 3.7777, average_loss: 3.7564, now learning rate: 0.001000
2019-04-22 17:42:00,851 - train - INFO - Epoch [2/200], Iter [155/1035] expect end in 8.00 min. Loss: 2.5312, average_loss: 3.7407, now learning rate: 0.001000
2019-04-22 17:42:03,709 - train - INFO - Epoch [2/200], Iter [160/1035] expect end in 8.00 min. Loss: 4.4493, average_loss: 3.7436, now learning rate: 0.001000
2019-04-22 17:42:06,753 - train - INFO - Epoch [2/200], Iter [165/1035] expect end in 8.00 min. Loss: 4.0122, average_loss: 3.7524, now learning rate: 0.001000
2019-04-22 17:42:09,686 - train - INFO - Epoch [2/200], Iter [170/1035] expect end in 8.00 min. Loss: 2.9877, average_loss: 3.7393, now learning rate: 0.001000
2019-04-22 17:42:12,575 - train - INFO - Epoch [2/200], Iter [175/1035] expect end in 8.00 min. Loss: 3.9742, average_loss: 3.7505, now learning rate: 0.001000
2019-04-22 17:42:15,596 - train - INFO - Epoch [2/200], Iter [180/1035] expect end in 8.00 min. Loss: 4.1089, average_loss: 3.7672, now learning rate: 0.001000
2019-04-22 17:42:18,595 - train - INFO - Epoch [2/200], Iter [185/1035] expect end in 8.00 min. Loss: 3.3332, average_loss: 3.7503, now learning rate: 0.001000
2019-04-22 17:42:21,529 - train - INFO - Epoch [2/200], Iter [190/1035] expect end in 8.00 min. Loss: 2.3947, average_loss: 3.7456, now learning rate: 0.001000
2019-04-22 17:42:24,554 - train - INFO - Epoch [2/200], Iter [195/1035] expect end in 8.00 min. Loss: 4.9212, average_loss: 3.7406, now learning rate: 0.001000
2019-04-22 17:42:27,585 - train - INFO - Epoch [2/200], Iter [200/1035] expect end in 7.00 min. Loss: 3.5241, average_loss: 3.7390, now learning rate: 0.001000
2019-04-22 17:42:30,477 - train - INFO - Epoch [2/200], Iter [205/1035] expect end in 8.00 min. Loss: 3.0003, average_loss: 3.7288, now learning rate: 0.001000
2019-04-22 17:42:33,454 - train - INFO - Epoch [2/200], Iter [210/1035] expect end in 7.00 min. Loss: 2.9847, average_loss: 3.7260, now learning rate: 0.001000
2019-04-22 17:42:36,393 - train - INFO - Epoch [2/200], Iter [215/1035] expect end in 7.00 min. Loss: 2.3693, average_loss: 3.7206, now learning rate: 0.001000
2019-04-22 17:42:39,285 - train - INFO - Epoch [2/200], Iter [220/1035] expect end in 8.00 min. Loss: 4.9586, average_loss: 3.7362, now learning rate: 0.001000
2019-04-22 17:42:42,177 - train - INFO - Epoch [2/200], Iter [225/1035] expect end in 7.00 min. Loss: 3.3120, average_loss: 3.7590, now learning rate: 0.001000
2019-04-22 17:42:45,094 - train - INFO - Epoch [2/200], Iter [230/1035] expect end in 8.00 min. Loss: 6.2405, average_loss: 3.7643, now learning rate: 0.001000
2019-04-22 17:42:48,021 - train - INFO - Epoch [2/200], Iter [235/1035] expect end in 8.00 min. Loss: 5.9695, average_loss: 3.7740, now learning rate: 0.001000
2019-04-22 17:42:50,959 - train - INFO - Epoch [2/200], Iter [240/1035] expect end in 7.00 min. Loss: 3.3811, average_loss: 3.7704, now learning rate: 0.001000
2019-04-22 17:42:53,906 - train - INFO - Epoch [2/200], Iter [245/1035] expect end in 7.00 min. Loss: 3.7151, average_loss: 3.7739, now learning rate: 0.001000
2019-04-22 17:42:56,803 - train - INFO - Epoch [2/200], Iter [250/1035] expect end in 7.00 min. Loss: 3.7258, average_loss: 3.7724, now learning rate: 0.001000
2019-04-22 17:42:59,774 - train - INFO - Epoch [2/200], Iter [255/1035] expect end in 7.00 min. Loss: 2.3407, average_loss: 3.7769, now learning rate: 0.001000
2019-04-22 17:43:02,663 - train - INFO - Epoch [2/200], Iter [260/1035] expect end in 7.00 min. Loss: 2.4132, average_loss: 3.7744, now learning rate: 0.001000
2019-04-22 17:43:05,581 - train - INFO - Epoch [2/200], Iter [265/1035] expect end in 7.00 min. Loss: 3.4967, average_loss: 3.7667, now learning rate: 0.001000
2019-04-22 17:43:08,519 - train - INFO - Epoch [2/200], Iter [270/1035] expect end in 7.00 min. Loss: 5.7442, average_loss: 3.7842, now learning rate: 0.001000
